[debug] [2025-12-26T22:50:52.248Z] ----------------------------------------------------------------------
[debug] [2025-12-26T22:50:52.254Z] Command:       /opt/homebrew/Cellar/node/24.4.0/bin/node /opt/homebrew/bin/firebase deploy --only functions
[debug] [2025-12-26T22:50:52.255Z] CLI Version:   14.20.0
[debug] [2025-12-26T22:50:52.255Z] Platform:      darwin
[debug] [2025-12-26T22:50:52.255Z] Node Version:  v24.4.0
[debug] [2025-12-26T22:50:52.255Z] Time:          Fri Dec 26 2025 23:50:52 GMT+0100 (Central European Standard Time)
[debug] [2025-12-26T22:50:52.255Z] ----------------------------------------------------------------------
[debug] 
[debug] [2025-12-26T22:50:52.346Z] Object "" in "firebase.json" has unknown property: {"additionalProperty":"flutter"}
[debug] [2025-12-26T22:50:52.348Z] > command requires scopes: ["email","openid","https://www.googleapis.com/auth/cloudplatformprojects.readonly","https://www.googleapis.com/auth/firebase","https://www.googleapis.com/auth/cloud-platform"]
[debug] [2025-12-26T22:50:52.348Z] > authorizing via signed-in user (merichalinfor@gmail.com)
[debug] [2025-12-26T22:50:52.348Z] [iam] checking project turneo-f9966 for permissions ["cloudfunctions.functions.create","cloudfunctions.functions.delete","cloudfunctions.functions.get","cloudfunctions.functions.list","cloudfunctions.functions.update","cloudfunctions.operations.get","firebase.projects.get"]
[debug] [2025-12-26T22:50:52.348Z] Checked if tokens are valid: true, expires at: 1766792124365
[debug] [2025-12-26T22:50:52.348Z] Checked if tokens are valid: true, expires at: 1766792124365
[debug] [2025-12-26T22:50:52.349Z] >>> [apiv2][query] POST https://cloudresourcemanager.googleapis.com/v1/projects/turneo-f9966:testIamPermissions [none]
[debug] [2025-12-26T22:50:52.349Z] >>> [apiv2][(partial)header] POST https://cloudresourcemanager.googleapis.com/v1/projects/turneo-f9966:testIamPermissions x-goog-quota-user=projects/turneo-f9966
[debug] [2025-12-26T22:50:52.349Z] >>> [apiv2][body] POST https://cloudresourcemanager.googleapis.com/v1/projects/turneo-f9966:testIamPermissions {"permissions":["cloudfunctions.functions.create","cloudfunctions.functions.delete","cloudfunctions.functions.get","cloudfunctions.functions.list","cloudfunctions.functions.update","cloudfunctions.operations.get","firebase.projects.get"]}
[debug] [2025-12-26T22:50:53.104Z] <<< [apiv2][status] POST https://cloudresourcemanager.googleapis.com/v1/projects/turneo-f9966:testIamPermissions 200
[debug] [2025-12-26T22:50:53.104Z] <<< [apiv2][body] POST https://cloudresourcemanager.googleapis.com/v1/projects/turneo-f9966:testIamPermissions {"permissions":["cloudfunctions.functions.create","cloudfunctions.functions.delete","cloudfunctions.functions.get","cloudfunctions.functions.list","cloudfunctions.functions.update","cloudfunctions.operations.get","firebase.projects.get"]}
[debug] [2025-12-26T22:50:53.104Z] Checked if tokens are valid: true, expires at: 1766792124365
[debug] [2025-12-26T22:50:53.104Z] Checked if tokens are valid: true, expires at: 1766792124365
[debug] [2025-12-26T22:50:53.104Z] >>> [apiv2][query] POST https://iam.googleapis.com/v1/projects/turneo-f9966/serviceAccounts/turneo-f9966@appspot.gserviceaccount.com:testIamPermissions [none]
[debug] [2025-12-26T22:50:53.104Z] >>> [apiv2][body] POST https://iam.googleapis.com/v1/projects/turneo-f9966/serviceAccounts/turneo-f9966@appspot.gserviceaccount.com:testIamPermissions {"permissions":["iam.serviceAccounts.actAs"]}
[debug] [2025-12-26T22:50:53.807Z] <<< [apiv2][status] POST https://iam.googleapis.com/v1/projects/turneo-f9966/serviceAccounts/turneo-f9966@appspot.gserviceaccount.com:testIamPermissions 404
[debug] [2025-12-26T22:50:53.807Z] <<< [apiv2][body] POST https://iam.googleapis.com/v1/projects/turneo-f9966/serviceAccounts/turneo-f9966@appspot.gserviceaccount.com:testIamPermissions {"error":{"code":404,"message":"Unknown service account","status":"NOT_FOUND"}}
[debug] [2025-12-26T22:50:53.808Z] [functions] service account IAM check errored, deploy may fail: Request to https://iam.googleapis.com/v1/projects/turneo-f9966/serviceAccounts/turneo-f9966@appspot.gserviceaccount.com:testIamPermissions had HTTP Error: 404, Unknown service account {"name":"FirebaseError","children":[],"context":{"body":{"error":{"code":404,"message":"Unknown service account","status":"NOT_FOUND"}},"response":{"statusCode":404}},"exit":1,"message":"Request to https://iam.googleapis.com/v1/projects/turneo-f9966/serviceAccounts/turneo-f9966@appspot.gserviceaccount.com:testIamPermissions had HTTP Error: 404, Unknown service account","status":404}
[info] 
[info] === Deploying to 'turneo-f9966'...
[info] 
[info] i  deploying functions 
[info] Running command: npm --prefix "$RESOURCE_DIR" run lint
[info] ✔  functions: Finished running predeploy script. 
[debug] [2025-12-26T22:50:54.382Z] Checked if tokens are valid: true, expires at: 1766792124365
[debug] [2025-12-26T22:50:54.382Z] Checked if tokens are valid: true, expires at: 1766792124365
[debug] [2025-12-26T22:50:54.382Z] >>> [apiv2][query] GET https://cloudresourcemanager.googleapis.com/v1/projects/turneo-f9966 [none]
[debug] [2025-12-26T22:50:54.587Z] <<< [apiv2][status] GET https://cloudresourcemanager.googleapis.com/v1/projects/turneo-f9966 200
[debug] [2025-12-26T22:50:54.587Z] <<< [apiv2][body] GET https://cloudresourcemanager.googleapis.com/v1/projects/turneo-f9966 {"projectNumber":"445354161677","projectId":"turneo-f9966","lifecycleState":"ACTIVE","name":"Turneo","labels":{"firebase":"enabled","firebase-core":"disabled"},"createTime":"2025-10-16T12:23:41.236116Z"}
[info] i  functions: preparing codebase default for deployment 
[info] i  functions: ensuring required API cloudfunctions.googleapis.com is enabled... 
[info] i  functions: ensuring required API cloudbuild.googleapis.com is enabled... 
[info] i  artifactregistry: ensuring required API artifactregistry.googleapis.com is enabled... 
[debug] [2025-12-26T22:50:54.588Z] Checked if tokens are valid: true, expires at: 1766792124365
[debug] [2025-12-26T22:50:54.588Z] Checked if tokens are valid: true, expires at: 1766792124365
[debug] [2025-12-26T22:50:54.588Z] >>> [apiv2][query] GET https://firebase.googleapis.com/v1beta1/projects/turneo-f9966/adminSdkConfig [none]
[debug] [2025-12-26T22:50:55.226Z] <<< [apiv2][status] GET https://firebase.googleapis.com/v1beta1/projects/turneo-f9966/adminSdkConfig 200
[debug] [2025-12-26T22:50:55.227Z] <<< [apiv2][body] GET https://firebase.googleapis.com/v1beta1/projects/turneo-f9966/adminSdkConfig {"projectId":"turneo-f9966","storageBucket":"turneo-f9966.firebasestorage.app"}
[debug] [2025-12-26T22:50:55.227Z] Checked if tokens are valid: true, expires at: 1766792124365
[debug] [2025-12-26T22:50:55.227Z] Checked if tokens are valid: true, expires at: 1766792124365
[debug] [2025-12-26T22:50:55.228Z] >>> [apiv2][query] GET https://runtimeconfig.googleapis.com/v1beta1/projects/turneo-f9966/configs [none]
[debug] [2025-12-26T22:50:55.614Z] <<< [apiv2][status] GET https://runtimeconfig.googleapis.com/v1beta1/projects/turneo-f9966/configs 200
[debug] [2025-12-26T22:50:55.614Z] <<< [apiv2][body] GET https://runtimeconfig.googleapis.com/v1beta1/projects/turneo-f9966/configs {"configs":[{"name":"projects/turneo-f9966/configs/google"}]}
[debug] [2025-12-26T22:50:55.615Z] Checked if tokens are valid: true, expires at: 1766792124365
[debug] [2025-12-26T22:50:55.615Z] Checked if tokens are valid: true, expires at: 1766792124365
[debug] [2025-12-26T22:50:55.615Z] >>> [apiv2][query] GET https://runtimeconfig.googleapis.com/v1beta1/projects/turneo-f9966/configs/google/variables [none]
[debug] [2025-12-26T22:50:55.816Z] <<< [apiv2][status] GET https://runtimeconfig.googleapis.com/v1beta1/projects/turneo-f9966/configs/google/variables 200
[debug] [2025-12-26T22:50:55.817Z] <<< [apiv2][body] GET https://runtimeconfig.googleapis.com/v1beta1/projects/turneo-f9966/configs/google/variables {"variables":[{"name":"projects/turneo-f9966/configs/google/variables/maps_key","updateTime":"2025-12-26T21:31:56.864123391Z"}]}
[debug] [2025-12-26T22:50:55.817Z] Checked if tokens are valid: true, expires at: 1766792124365
[debug] [2025-12-26T22:50:55.817Z] Checked if tokens are valid: true, expires at: 1766792124365
[debug] [2025-12-26T22:50:55.817Z] >>> [apiv2][query] GET https://runtimeconfig.googleapis.com/v1beta1/projects/turneo-f9966/configs/google/variables/maps_key [none]
[debug] [2025-12-26T22:50:56.141Z] <<< [apiv2][status] GET https://runtimeconfig.googleapis.com/v1beta1/projects/turneo-f9966/configs/google/variables/maps_key 200
[debug] [2025-12-26T22:50:56.141Z] <<< [apiv2][body] GET https://runtimeconfig.googleapis.com/v1beta1/projects/turneo-f9966/configs/google/variables/maps_key {"name":"projects/turneo-f9966/configs/google/variables/maps_key","updateTime":"2025-12-26T21:31:56.864123391Z","text":"AIzaSyDzgff1oKdhstC-N9rc_vNMrzLPGti4IRA"}
[debug] [2025-12-26T22:50:56.142Z] Validating nodejs source
[warn] ⚠  functions: package.json indicates an outdated version of firebase-functions. Please upgrade using npm install --save firebase-functions@latest in your functions directory. 
[warn] ⚠  functions: Please note that there will be breaking changes when you upgrade. 
[debug] [2025-12-26T22:50:56.516Z] > [functions] package.json contents: {
  "name": "functions",
  "description": "Cloud Functions for Firebase",
  "scripts": {
    "lint": "eslint .",
    "serve": "firebase emulators:start --only functions",
    "shell": "firebase functions:shell",
    "start": "npm run shell",
    "deploy": "firebase deploy --only functions",
    "logs": "firebase functions:log"
  },
  "engines": {
    "node": "22"
  },
  "main": "index.js",
  "dependencies": {
    "axios": "^1.13.2",
    "firebase-admin": "^12.6.0",
    "firebase-functions": "^6.0.1",
    "node-fetch": "^3.3.2"
  },
  "devDependencies": {
    "eslint": "^8.15.0",
    "eslint-config-google": "^0.14.0",
    "firebase-functions-test": "^3.1.0"
  },
  "private": true
}
[debug] [2025-12-26T22:50:56.516Z] Building nodejs source
[info] i  functions: Loading and analyzing source code for codebase default to determine what to deploy 
[debug] [2025-12-26T22:50:56.517Z] Could not find functions.yaml. Must use http discovery
[debug] [2025-12-26T22:50:56.521Z] Found firebase-functions binary at '/Users/antoniomerichalgranados/my_app/functions/node_modules/.bin/firebase-functions'
[info] Serving at port 8551

[debug] [2025-12-26T22:50:56.918Z] Got response from /__/functions.yaml {"endpoints":{"placesAutocomplete":{"availableMemoryMb":null,"timeoutSeconds":null,"minInstances":null,"maxInstances":null,"ingressSettings":null,"concurrency":null,"serviceAccountEmail":null,"vpc":null,"platform":"gcfv2","region":["us-central1"],"secretEnvironmentVariables":[{"key":"GOOGLE_PLACES_API_KEY"}],"labels":{},"callableTrigger":{},"entryPoint":"placesAutocomplete"},"placesDetails":{"availableMemoryMb":null,"timeoutSeconds":null,"minInstances":null,"maxInstances":null,"ingressSettings":null,"concurrency":null,"serviceAccountEmail":null,"vpc":null,"platform":"gcfv2","region":["us-central1"],"secretEnvironmentVariables":[{"key":"GOOGLE_PLACES_API_KEY"}],"labels":{},"callableTrigger":{},"entryPoint":"placesDetails"},"geocodeAddress":{"availableMemoryMb":null,"timeoutSeconds":null,"minInstances":null,"maxInstances":null,"ingressSettings":null,"concurrency":null,"serviceAccountEmail":null,"vpc":null,"platform":"gcfv2","region":["us-central1"],"secretEnvironmentVariables":[{"key":"GOOGLE_PLACES_API_KEY"}],"labels":{},"callableTrigger":{},"entryPoint":"geocodeAddress"}},"specVersion":"v1alpha1","requiredAPIs":[],"extensions":{},"params":[{"type":"secret","name":"GOOGLE_PLACES_API_KEY"}]}
[info] i  extensions: ensuring required API firebaseextensions.googleapis.com is enabled... 
[debug] [2025-12-26T22:51:00.943Z] > command requires scopes: ["email","openid","https://www.googleapis.com/auth/cloudplatformprojects.readonly","https://www.googleapis.com/auth/firebase","https://www.googleapis.com/auth/cloud-platform"]
[debug] [2025-12-26T22:51:00.944Z] > authorizing via signed-in user (merichalinfor@gmail.com)
[debug] [2025-12-26T22:51:00.944Z] [iam] checking project turneo-f9966 for permissions ["firebase.projects.get","firebaseextensions.instances.list"]
[debug] [2025-12-26T22:51:00.944Z] Checked if tokens are valid: true, expires at: 1766792124365
[debug] [2025-12-26T22:51:00.944Z] Checked if tokens are valid: true, expires at: 1766792124365
[debug] [2025-12-26T22:51:00.944Z] >>> [apiv2][query] POST https://cloudresourcemanager.googleapis.com/v1/projects/turneo-f9966:testIamPermissions [none]
[debug] [2025-12-26T22:51:00.944Z] >>> [apiv2][(partial)header] POST https://cloudresourcemanager.googleapis.com/v1/projects/turneo-f9966:testIamPermissions x-goog-quota-user=projects/turneo-f9966
[debug] [2025-12-26T22:51:00.944Z] >>> [apiv2][body] POST https://cloudresourcemanager.googleapis.com/v1/projects/turneo-f9966:testIamPermissions {"permissions":["firebase.projects.get","firebaseextensions.instances.list"]}
[debug] [2025-12-26T22:51:01.128Z] <<< [apiv2][status] POST https://cloudresourcemanager.googleapis.com/v1/projects/turneo-f9966:testIamPermissions 200
[debug] [2025-12-26T22:51:01.128Z] <<< [apiv2][body] POST https://cloudresourcemanager.googleapis.com/v1/projects/turneo-f9966:testIamPermissions {"permissions":["firebase.projects.get","firebaseextensions.instances.list"]}
[debug] [2025-12-26T22:51:01.129Z] Checked if tokens are valid: true, expires at: 1766792124365
[debug] [2025-12-26T22:51:01.129Z] Checked if tokens are valid: true, expires at: 1766792124365
[debug] [2025-12-26T22:51:01.129Z] >>> [apiv2][query] GET https://firebaseextensions.googleapis.com/v1beta/projects/turneo-f9966/instances pageSize=100&pageToken=
[debug] [2025-12-26T22:51:02.009Z] <<< [apiv2][status] GET https://firebaseextensions.googleapis.com/v1beta/projects/turneo-f9966/instances 200
[debug] [2025-12-26T22:51:02.009Z] <<< [apiv2][body] GET https://firebaseextensions.googleapis.com/v1beta/projects/turneo-f9966/instances {}
[debug] [2025-12-26T22:51:02.010Z] Checked if tokens are valid: true, expires at: 1766792124365
[debug] [2025-12-26T22:51:02.010Z] Checked if tokens are valid: true, expires at: 1766792124365
[debug] [2025-12-26T22:51:02.010Z] >>> [apiv2][query] GET https://secretmanager.googleapis.com/v1/projects/turneo-f9966/secrets/GOOGLE_PLACES_API_KEY [none]
[debug] [2025-12-26T22:51:02.433Z] <<< [apiv2][status] GET https://secretmanager.googleapis.com/v1/projects/turneo-f9966/secrets/GOOGLE_PLACES_API_KEY 200
[debug] [2025-12-26T22:51:02.433Z] <<< [apiv2][body] GET https://secretmanager.googleapis.com/v1/projects/turneo-f9966/secrets/GOOGLE_PLACES_API_KEY {"name":"projects/445354161677/secrets/GOOGLE_PLACES_API_KEY","replication":{"automatic":{}},"createTime":"2025-12-26T22:42:28.251228Z","labels":{"firebase-managed":"functions"},"etag":"\"1646e29bb5e92a\""}
[debug] [2025-12-26T22:51:02.434Z] Checked if tokens are valid: true, expires at: 1766792124365
[debug] [2025-12-26T22:51:02.434Z] Checked if tokens are valid: true, expires at: 1766792124365
[debug] [2025-12-26T22:51:02.434Z] >>> [apiv2][query] GET https://secretmanager.googleapis.com/v1/projects/turneo-f9966/secrets/GOOGLE_PLACES_API_KEY/versions/latest [none]
[debug] [2025-12-26T22:51:02.635Z] <<< [apiv2][status] GET https://secretmanager.googleapis.com/v1/projects/turneo-f9966/secrets/GOOGLE_PLACES_API_KEY/versions/latest 200
[debug] [2025-12-26T22:51:02.635Z] <<< [apiv2][body] GET https://secretmanager.googleapis.com/v1/projects/turneo-f9966/secrets/GOOGLE_PLACES_API_KEY/versions/latest {"name":"projects/445354161677/secrets/GOOGLE_PLACES_API_KEY/versions/3","createTime":"2025-12-26T22:49:14.703406Z","state":"ENABLED","replicationStatus":{"automatic":{}},"etag":"\"1646e2b3e14a2e\""}
[info] i  functions: preparing functions directory for uploading... 
[info] i  functions: packaged /Users/antoniomerichalgranados/my_app/functions (4.58 MB) for uploading 
[debug] [2025-12-26T22:51:03.061Z] Checked if tokens are valid: true, expires at: 1766792124365
[debug] [2025-12-26T22:51:03.061Z] Checked if tokens are valid: true, expires at: 1766792124365
[debug] [2025-12-26T22:51:03.061Z] >>> [apiv2][query] GET https://cloudfunctions.googleapis.com/v1/projects/turneo-f9966/locations/-/functions [none]
[debug] [2025-12-26T22:51:03.627Z] <<< [apiv2][status] GET https://cloudfunctions.googleapis.com/v1/projects/turneo-f9966/locations/-/functions 200
[debug] [2025-12-26T22:51:03.627Z] <<< [apiv2][body] GET https://cloudfunctions.googleapis.com/v1/projects/turneo-f9966/locations/-/functions {}
[debug] [2025-12-26T22:51:03.628Z] Checked if tokens are valid: true, expires at: 1766792124365
[debug] [2025-12-26T22:51:03.628Z] Checked if tokens are valid: true, expires at: 1766792124365
[debug] [2025-12-26T22:51:03.628Z] >>> [apiv2][query] GET https://cloudfunctions.googleapis.com/v2/projects/turneo-f9966/locations/-/functions filter=environment%3D%22GEN_2%22
[debug] [2025-12-26T22:51:04.556Z] <<< [apiv2][status] GET https://cloudfunctions.googleapis.com/v2/projects/turneo-f9966/locations/-/functions 200
[debug] [2025-12-26T22:51:04.557Z] <<< [apiv2][body] GET https://cloudfunctions.googleapis.com/v2/projects/turneo-f9966/locations/-/functions {"functions":[{"name":"projects/turneo-f9966/locations/us-central1/functions/consumeLicense","buildConfig":{"build":"projects/445354161677/locations/us-central1/builds/ff7a3b1b-3e86-4a4b-9943-435145426bf3","runtime":"nodejs22","entryPoint":"consumeLicense","source":{"storageSource":{"bucket":"gcf-v2-sources-445354161677-us-central1","object":"consumeLicense/function-source.zip","generation":"1760653958101772"}},"environmentVariables":{"GOOGLE_NODE_RUN_SCRIPTS":""},"dockerRepository":"projects/turneo-f9966/locations/us-central1/repositories/gcf-artifacts","sourceProvenance":{"resolvedStorageSource":{"bucket":"gcf-v2-sources-445354161677-us-central1","object":"consumeLicense/function-source.zip","generation":"1760653958101772"}},"dockerRegistry":"ARTIFACT_REGISTRY","serviceAccount":"projects/turneo-f9966/serviceAccounts/445354161677-compute@developer.gserviceaccount.com","automaticUpdatePolicy":{}},"serviceConfig":{"service":"projects/turneo-f9966/locations/us-central1/services/consumelicense","timeoutSeconds":60,"environmentVariables":{"FIREBASE_CONFIG":"{\"projectId\":\"turneo-f9966\",\"storageBucket\":\"turneo-f9966.firebasestorage.app\"}","GCLOUD_PROJECT":"turneo-f9966","EVENTARC_CLOUD_EVENT_SOURCE":"projects/turneo-f9966/locations/us-central1/services/consumeLicense","FUNCTION_TARGET":"consumeLicense","LOG_EXECUTION_ID":"true"},"maxInstanceCount":20,"ingressSettings":"ALLOW_ALL","uri":"https://consumelicense-e4wz3sznza-uc.a.run.app","serviceAccountEmail":"445354161677-compute@developer.gserviceaccount.com","availableMemory":"256Mi","allTrafficOnLatestRevision":true,"revision":"consumelicense-00001-taz","maxInstanceRequestConcurrency":80,"availableCpu":"1"},"state":"ACTIVE","updateTime":"2025-10-16T22:33:43.250046232Z","labels":{"deployment-tool":"cli-firebase","deployment-callable":"true","firebase-functions-hash":"fc479939863ccb8a6052c0663739b6f93b759612"},"environment":"GEN_2","url":"https://us-central1-turneo-f9966.cloudfunctions.net/consumeLicense","createTime":"2025-10-16T22:32:38.333793914Z","satisfiesPzi":true},{"name":"projects/turneo-f9966/locations/us-central1/functions/grantSelfAdmin","buildConfig":{"build":"projects/445354161677/locations/us-central1/builds/e555672a-5512-45bc-867b-8877bad74b32","runtime":"nodejs22","entryPoint":"grantSelfAdmin","source":{"storageSource":{"bucket":"gcf-v2-sources-445354161677-us-central1","object":"grantSelfAdmin/function-source.zip","generation":"1760661549087264"}},"environmentVariables":{"GOOGLE_NODE_RUN_SCRIPTS":""},"dockerRepository":"projects/turneo-f9966/locations/us-central1/repositories/gcf-artifacts","sourceProvenance":{"resolvedStorageSource":{"bucket":"gcf-v2-sources-445354161677-us-central1","object":"grantSelfAdmin/function-source.zip","generation":"1760661549087264"}},"dockerRegistry":"ARTIFACT_REGISTRY","serviceAccount":"projects/turneo-f9966/serviceAccounts/445354161677-compute@developer.gserviceaccount.com","automaticUpdatePolicy":{}},"serviceConfig":{"service":"projects/turneo-f9966/locations/us-central1/services/grantselfadmin","timeoutSeconds":60,"environmentVariables":{"FIREBASE_CONFIG":"{\"projectId\":\"turneo-f9966\",\"storageBucket\":\"turneo-f9966.firebasestorage.app\"}","GCLOUD_PROJECT":"turneo-f9966","EVENTARC_CLOUD_EVENT_SOURCE":"projects/turneo-f9966/locations/us-central1/services/grantSelfAdmin","FUNCTION_TARGET":"grantSelfAdmin","LOG_EXECUTION_ID":"true"},"maxInstanceCount":20,"ingressSettings":"ALLOW_ALL","uri":"https://grantselfadmin-e4wz3sznza-uc.a.run.app","serviceAccountEmail":"445354161677-compute@developer.gserviceaccount.com","availableMemory":"256Mi","allTrafficOnLatestRevision":true,"revision":"grantselfadmin-00001-gaw","maxInstanceRequestConcurrency":80,"availableCpu":"1"},"state":"ACTIVE","updateTime":"2025-10-17T00:40:15.988393510Z","labels":{"deployment-tool":"cli-firebase","deployment-callable":"true","firebase-functions-hash":"6bd506fd2890ce69226d2f466c0a5d2ae523b86c"},"environment":"GEN_2","url":"https://us-central1-turneo-f9966.cloudfunctions.net/grantSelfAdmin","createTime":"2025-10-17T00:39:09.319795928Z","satisfiesPzi":true},{"name":"projects/turneo-f9966/locations/us-central1/functions/invitarUsuario","buildConfig":{"build":"projects/445354161677/locations/us-central1/builds/a4107d5d-8e54-4dc3-a626-f956f6e19468","runtime":"nodejs22","entryPoint":"invitarUsuario","source":{"storageSource":{"bucket":"gcf-v2-sources-445354161677-us-central1","object":"invitarUsuario/function-source.zip","generation":"1760641731210348"}},"environmentVariables":{"GOOGLE_NODE_RUN_SCRIPTS":""},"dockerRepository":"projects/turneo-f9966/locations/us-central1/repositories/gcf-artifacts","sourceProvenance":{"resolvedStorageSource":{"bucket":"gcf-v2-sources-445354161677-us-central1","object":"invitarUsuario/function-source.zip","generation":"1760641731210348"}},"dockerRegistry":"ARTIFACT_REGISTRY","serviceAccount":"projects/turneo-f9966/serviceAccounts/445354161677-compute@developer.gserviceaccount.com","automaticUpdatePolicy":{}},"serviceConfig":{"service":"projects/turneo-f9966/locations/us-central1/services/invitarusuario","timeoutSeconds":60,"environmentVariables":{"FIREBASE_CONFIG":"{\"projectId\":\"turneo-f9966\",\"storageBucket\":\"turneo-f9966.firebasestorage.app\"}","GCLOUD_PROJECT":"turneo-f9966","EVENTARC_CLOUD_EVENT_SOURCE":"projects/turneo-f9966/locations/us-central1/services/invitarUsuario","FUNCTION_TARGET":"invitarUsuario","LOG_EXECUTION_ID":"true"},"maxInstanceCount":20,"ingressSettings":"ALLOW_ALL","uri":"https://invitarusuario-e4wz3sznza-uc.a.run.app","serviceAccountEmail":"445354161677-compute@developer.gserviceaccount.com","availableMemory":"256Mi","allTrafficOnLatestRevision":true,"revision":"invitarusuario-00001-qog","maxInstanceRequestConcurrency":80,"availableCpu":"1"},"state":"ACTIVE","updateTime":"2025-10-16T19:10:26.675761412Z","labels":{"firebase-functions-hash":"50edf446e744b54abdc90f9594d8ae2c09a3c657","deployment-tool":"cli-firebase","deployment-callable":"true"},"environment":"GEN_2","url":"https://us-central1-turneo-f9966.cloudfunctions.net/invitarUsuario","createTime":"2025-10-16T19:08:51.466413612Z","satisfiesPzi":true},{"name":"projects/turneo-f9966/locations/us-central1/functions/validateLicense","buildConfig":{"build":"projects/445354161677/locations/us-central1/builds/ff7a3b1b-3e86-4a4b-9943-435145426bf3","runtime":"nodejs22","entryPoint":"validateLicense","source":{"storageSource":{"bucket":"gcf-v2-sources-445354161677-us-central1","object":"validateLicense/function-source.zip","generation":"1760654023249816"}},"environmentVariables":{"GOOGLE_NODE_RUN_SCRIPTS":""},"dockerRepository":"projects/turneo-f9966/locations/us-central1/repositories/gcf-artifacts","sourceProvenance":{"resolvedStorageSource":{"bucket":"gcf-v2-sources-445354161677-us-central1","object":"validateLicense/function-source.zip","generation":"1760654023249816"}},"dockerRegistry":"ARTIFACT_REGISTRY","serviceAccount":"projects/turneo-f9966/serviceAccounts/445354161677-compute@developer.gserviceaccount.com","automaticUpdatePolicy":{}},"serviceConfig":{"service":"projects/turneo-f9966/locations/us-central1/services/validatelicense","timeoutSeconds":60,"environmentVariables":{"FIREBASE_CONFIG":"{\"projectId\":\"turneo-f9966\",\"storageBucket\":\"turneo-f9966.firebasestorage.app\"}","GCLOUD_PROJECT":"turneo-f9966","EVENTARC_CLOUD_EVENT_SOURCE":"projects/turneo-f9966/locations/us-central1/services/validateLicense","FUNCTION_TARGET":"validateLicense","LOG_EXECUTION_ID":"true","FUNCTION_SIGNATURE_TYPE":"http"},"maxInstanceCount":20,"ingressSettings":"ALLOW_ALL","uri":"https://validatelicense-e4wz3sznza-uc.a.run.app","serviceAccountEmail":"445354161677-compute@developer.gserviceaccount.com","availableMemory":"256Mi","allTrafficOnLatestRevision":true,"revision":"validatelicense-00002-peq","maxInstanceRequestConcurrency":80,"availableCpu":"1"},"state":"ACTIVE","updateTime":"2025-10-16T22:33:49.840667470Z","labels":{"deployment-callable":"true","firebase-functions-hash":"fc479939863ccb8a6052c0663739b6f93b759612","deployment-tool":"cli-firebase"},"environment":"GEN_2","url":"https://us-central1-turneo-f9966.cloudfunctions.net/validateLicense","createTime":"2025-10-16T21:56:23.377264217Z","satisfiesPzi":true}]}
[info] i  functions: ensuring required API run.googleapis.com is enabled... 
[info] i  functions: ensuring required API eventarc.googleapis.com is enabled... 
[info] i  functions: ensuring required API pubsub.googleapis.com is enabled... 
[info] i  functions: ensuring required API storage.googleapis.com is enabled... 
[info] i  functions: generating the service identity for pubsub.googleapis.com... 
[debug] [2025-12-26T22:51:04.563Z] Checked if tokens are valid: true, expires at: 1766792124365
[debug] [2025-12-26T22:51:04.563Z] Checked if tokens are valid: true, expires at: 1766792124365
[info] i  functions: generating the service identity for eventarc.googleapis.com... 
[debug] [2025-12-26T22:51:04.564Z] Checked if tokens are valid: true, expires at: 1766792124365
[debug] [2025-12-26T22:51:04.564Z] Checked if tokens are valid: true, expires at: 1766792124365
[debug] [2025-12-26T22:51:04.564Z] >>> [apiv2][query] POST https://serviceusage.googleapis.com/v1beta1/projects/445354161677/services/pubsub.googleapis.com:generateServiceIdentity [none]
[debug] [2025-12-26T22:51:04.564Z] >>> [apiv2][(partial)header] POST https://serviceusage.googleapis.com/v1beta1/projects/445354161677/services/pubsub.googleapis.com:generateServiceIdentity x-goog-quota-user=projects/445354161677
[debug] [2025-12-26T22:51:04.564Z] >>> [apiv2][body] POST https://serviceusage.googleapis.com/v1beta1/projects/445354161677/services/pubsub.googleapis.com:generateServiceIdentity {}
[debug] [2025-12-26T22:51:04.566Z] >>> [apiv2][query] POST https://serviceusage.googleapis.com/v1beta1/projects/445354161677/services/eventarc.googleapis.com:generateServiceIdentity [none]
[debug] [2025-12-26T22:51:04.566Z] >>> [apiv2][(partial)header] POST https://serviceusage.googleapis.com/v1beta1/projects/445354161677/services/eventarc.googleapis.com:generateServiceIdentity x-goog-quota-user=projects/445354161677
[debug] [2025-12-26T22:51:04.566Z] >>> [apiv2][body] POST https://serviceusage.googleapis.com/v1beta1/projects/445354161677/services/eventarc.googleapis.com:generateServiceIdentity {}
[debug] [2025-12-26T22:51:05.465Z] <<< [apiv2][status] POST https://serviceusage.googleapis.com/v1beta1/projects/445354161677/services/eventarc.googleapis.com:generateServiceIdentity 200
[debug] [2025-12-26T22:51:05.466Z] <<< [apiv2][body] POST https://serviceusage.googleapis.com/v1beta1/projects/445354161677/services/eventarc.googleapis.com:generateServiceIdentity {"name":"operations/finished.DONE_OPERATION","done":true,"response":{"@type":"type.googleapis.com/google.api.serviceusage.v1beta1.ServiceIdentity","email":"service-445354161677@gcp-sa-eventarc.iam.gserviceaccount.com","uniqueId":"116614358808103660617"}}
[debug] [2025-12-26T22:51:05.483Z] <<< [apiv2][status] POST https://serviceusage.googleapis.com/v1beta1/projects/445354161677/services/pubsub.googleapis.com:generateServiceIdentity 200
[debug] [2025-12-26T22:51:05.483Z] <<< [apiv2][body] POST https://serviceusage.googleapis.com/v1beta1/projects/445354161677/services/pubsub.googleapis.com:generateServiceIdentity {"name":"operations/finished.DONE_OPERATION","done":true,"response":{"@type":"type.googleapis.com/google.api.serviceusage.v1beta1.ServiceIdentity","email":"service-445354161677@gcp-sa-pubsub.iam.gserviceaccount.com","uniqueId":"100892531115501000864"}}
[info] i  functions: ensuring required API secretmanager.googleapis.com is enabled... 
[debug] [2025-12-26T22:51:05.484Z] Checked if tokens are valid: true, expires at: 1766792124365
[debug] [2025-12-26T22:51:05.485Z] Checked if tokens are valid: true, expires at: 1766792124365
[debug] [2025-12-26T22:51:05.485Z] >>> [apiv2][query] GET https://serviceusage.googleapis.com/v1/projects/445354161677/services/secretmanager.googleapis.com [none]
[debug] [2025-12-26T22:51:05.485Z] >>> [apiv2][(partial)header] GET https://serviceusage.googleapis.com/v1/projects/445354161677/services/secretmanager.googleapis.com x-goog-quota-user=projects/445354161677
[debug] [2025-12-26T22:51:06.329Z] <<< [apiv2][status] GET https://serviceusage.googleapis.com/v1/projects/445354161677/services/secretmanager.googleapis.com 200
[debug] [2025-12-26T22:51:06.330Z] <<< [apiv2][body] GET https://serviceusage.googleapis.com/v1/projects/445354161677/services/secretmanager.googleapis.com [omitted]
[info] ✔  functions: required API secretmanager.googleapis.com is enabled 
[debug] [2025-12-26T22:51:06.342Z] Checked if tokens are valid: true, expires at: 1766792124365
[debug] [2025-12-26T22:51:06.343Z] Checked if tokens are valid: true, expires at: 1766792124365
[debug] [2025-12-26T22:51:06.343Z] >>> [apiv2][query] GET https://secretmanager.googleapis.com/v1/projects/turneo-f9966/secrets/GOOGLE_PLACES_API_KEY/versions/latest [none]
[debug] [2025-12-26T22:51:06.530Z] <<< [apiv2][status] GET https://secretmanager.googleapis.com/v1/projects/turneo-f9966/secrets/GOOGLE_PLACES_API_KEY/versions/latest 200
[debug] [2025-12-26T22:51:06.531Z] <<< [apiv2][body] GET https://secretmanager.googleapis.com/v1/projects/turneo-f9966/secrets/GOOGLE_PLACES_API_KEY/versions/latest {"name":"projects/445354161677/secrets/GOOGLE_PLACES_API_KEY/versions/3","createTime":"2025-12-26T22:49:14.703406Z","state":"ENABLED","replicationStatus":{"automatic":{}},"etag":"\"1646e2b3e14a2e\""}
[debug] [2025-12-26T22:51:06.531Z] Resolved secret version of GOOGLE_PLACES_API_KEY to 3.
[debug] [2025-12-26T22:51:06.533Z] Checked if tokens are valid: true, expires at: 1766792124365
[debug] [2025-12-26T22:51:06.533Z] Checked if tokens are valid: true, expires at: 1766792124365
[debug] [2025-12-26T22:51:06.533Z] >>> [apiv2][query] GET https://cloudresourcemanager.googleapis.com/v1/projects/turneo-f9966 [none]
[debug] [2025-12-26T22:51:07.323Z] <<< [apiv2][status] GET https://cloudresourcemanager.googleapis.com/v1/projects/turneo-f9966 200
[debug] [2025-12-26T22:51:07.323Z] <<< [apiv2][body] GET https://cloudresourcemanager.googleapis.com/v1/projects/turneo-f9966 {"projectNumber":"445354161677","projectId":"turneo-f9966","lifecycleState":"ACTIVE","name":"Turneo","labels":{"firebase":"enabled","firebase-core":"disabled"},"createTime":"2025-10-16T12:23:41.236116Z"}
[debug] [2025-12-26T22:51:07.324Z] Checked if tokens are valid: true, expires at: 1766792124365
[debug] [2025-12-26T22:51:07.324Z] Checked if tokens are valid: true, expires at: 1766792124365
[debug] [2025-12-26T22:51:07.324Z] >>> [apiv2][query] GET https://compute.googleapis.com/compute/v1/projects/445354161677 [none]
[debug] [2025-12-26T22:51:07.677Z] <<< [apiv2][status] GET https://compute.googleapis.com/compute/v1/projects/445354161677 403
[debug] [2025-12-26T22:51:07.677Z] <<< [apiv2][body] GET https://compute.googleapis.com/compute/v1/projects/445354161677 {"error":{"code":403,"message":"Compute Engine API has not been used in project 445354161677 before or it is disabled. Enable it by visiting https://console.developers.google.com/apis/api/compute.googleapis.com/overview?project=445354161677 then retry. If you enabled this API recently, wait a few minutes for the action to propagate to our systems and retry.","errors":[{"message":"Compute Engine API has not been used in project 445354161677 before or it is disabled. Enable it by visiting https://console.developers.google.com/apis/api/compute.googleapis.com/overview?project=445354161677 then retry. If you enabled this API recently, wait a few minutes for the action to propagate to our systems and retry.","domain":"usageLimits","reason":"accessNotConfigured","extendedHelp":"https://console.developers.google.com"}],"status":"PERMISSION_DENIED","details":[{"@type":"type.googleapis.com/google.rpc.ErrorInfo","reason":"SERVICE_DISABLED","domain":"googleapis.com","metadata":{"consumer":"projects/445354161677","containerInfo":"445354161677","activationUrl":"https://console.developers.google.com/apis/api/compute.googleapis.com/overview?project=445354161677","service":"compute.googleapis.com","serviceTitle":"Compute Engine API"}},{"@type":"type.googleapis.com/google.rpc.LocalizedMessage","locale":"en-US","message":"Compute Engine API has not been used in project 445354161677 before or it is disabled. Enable it by visiting https://console.developers.google.com/apis/api/compute.googleapis.com/overview?project=445354161677 then retry. If you enabled this API recently, wait a few minutes for the action to propagate to our systems and retry."},{"@type":"type.googleapis.com/google.rpc.Help","links":[{"description":"Google developers console API activation","url":"https://console.developers.google.com/apis/api/compute.googleapis.com/overview?project=445354161677"}]}]}}
[debug] [2025-12-26T22:51:07.678Z] unable to look up default compute service account. Falling back to 445354161677-compute@developer.gserviceaccount.com. Error: {"name":"FirebaseError","children":[],"context":{"body":{"error":{"code":403,"message":"Compute Engine API has not been used in project 445354161677 before or it is disabled. Enable it by visiting https://console.developers.google.com/apis/api/compute.googleapis.com/overview?project=445354161677 then retry. If you enabled this API recently, wait a few minutes for the action to propagate to our systems and retry.","errors":[{"message":"Compute Engine API has not been used in project 445354161677 before or it is disabled. Enable it by visiting https://console.developers.google.com/apis/api/compute.googleapis.com/overview?project=445354161677 then retry. If you enabled this API recently, wait a few minutes for the action to propagate to our systems and retry.","domain":"usageLimits","reason":"accessNotConfigured","extendedHelp":"https://console.developers.google.com"}],"status":"PERMISSION_DENIED","details":[{"@type":"type.googleapis.com/google.rpc.ErrorInfo","reason":"SERVICE_DISABLED","domain":"googleapis.com","metadata":{"consumer":"projects/445354161677","containerInfo":"445354161677","activationUrl":"https://console.developers.google.com/apis/api/compute.googleapis.com/overview?project=445354161677","service":"compute.googleapis.com","serviceTitle":"Compute Engine API"}},{"@type":"type.googleapis.com/google.rpc.LocalizedMessage","locale":"en-US","message":"Compute Engine API has not been used in project 445354161677 before or it is disabled. Enable it by visiting https://console.developers.google.com/apis/api/compute.googleapis.com/overview?project=445354161677 then retry. If you enabled this API recently, wait a few minutes for the action to propagate to our systems and retry."},{"@type":"type.googleapis.com/google.rpc.Help","links":[{"description":"Google developers console API activation","url":"https://console.developers.google.com/apis/api/compute.googleapis.com/overview?project=445354161677"}]}]}},"response":{"statusCode":403}},"exit":1,"message":"Request to https://compute.googleapis.com/compute/v1/projects/445354161677 had HTTP Error: 403, Compute Engine API has not been used in project 445354161677 before or it is disabled. Enable it by visiting https://console.developers.google.com/apis/api/compute.googleapis.com/overview?project=445354161677 then retry. If you enabled this API recently, wait a few minutes for the action to propagate to our systems and retry.","status":403}
[debug] [2025-12-26T22:51:07.678Z] Checked if tokens are valid: true, expires at: 1766792124365
[debug] [2025-12-26T22:51:07.678Z] Checked if tokens are valid: true, expires at: 1766792124365
[debug] [2025-12-26T22:51:07.678Z] >>> [apiv2][query] GET https://compute.googleapis.com/compute/v1/projects/445354161677 [none]
[debug] [2025-12-26T22:51:07.850Z] <<< [apiv2][status] GET https://compute.googleapis.com/compute/v1/projects/445354161677 403
[debug] [2025-12-26T22:51:07.850Z] <<< [apiv2][body] GET https://compute.googleapis.com/compute/v1/projects/445354161677 {"error":{"code":403,"message":"Compute Engine API has not been used in project 445354161677 before or it is disabled. Enable it by visiting https://console.developers.google.com/apis/api/compute.googleapis.com/overview?project=445354161677 then retry. If you enabled this API recently, wait a few minutes for the action to propagate to our systems and retry.","errors":[{"message":"Compute Engine API has not been used in project 445354161677 before or it is disabled. Enable it by visiting https://console.developers.google.com/apis/api/compute.googleapis.com/overview?project=445354161677 then retry. If you enabled this API recently, wait a few minutes for the action to propagate to our systems and retry.","domain":"usageLimits","reason":"accessNotConfigured","extendedHelp":"https://console.developers.google.com"}],"status":"PERMISSION_DENIED","details":[{"@type":"type.googleapis.com/google.rpc.ErrorInfo","reason":"SERVICE_DISABLED","domain":"googleapis.com","metadata":{"serviceTitle":"Compute Engine API","activationUrl":"https://console.developers.google.com/apis/api/compute.googleapis.com/overview?project=445354161677","consumer":"projects/445354161677","containerInfo":"445354161677","service":"compute.googleapis.com"}},{"@type":"type.googleapis.com/google.rpc.LocalizedMessage","locale":"en-US","message":"Compute Engine API has not been used in project 445354161677 before or it is disabled. Enable it by visiting https://console.developers.google.com/apis/api/compute.googleapis.com/overview?project=445354161677 then retry. If you enabled this API recently, wait a few minutes for the action to propagate to our systems and retry."},{"@type":"type.googleapis.com/google.rpc.Help","links":[{"description":"Google developers console API activation","url":"https://console.developers.google.com/apis/api/compute.googleapis.com/overview?project=445354161677"}]}]}}
[debug] [2025-12-26T22:51:07.851Z] unable to look up default compute service account. Falling back to 445354161677-compute@developer.gserviceaccount.com. Error: {"name":"FirebaseError","children":[],"context":{"body":{"error":{"code":403,"message":"Compute Engine API has not been used in project 445354161677 before or it is disabled. Enable it by visiting https://console.developers.google.com/apis/api/compute.googleapis.com/overview?project=445354161677 then retry. If you enabled this API recently, wait a few minutes for the action to propagate to our systems and retry.","errors":[{"message":"Compute Engine API has not been used in project 445354161677 before or it is disabled. Enable it by visiting https://console.developers.google.com/apis/api/compute.googleapis.com/overview?project=445354161677 then retry. If you enabled this API recently, wait a few minutes for the action to propagate to our systems and retry.","domain":"usageLimits","reason":"accessNotConfigured","extendedHelp":"https://console.developers.google.com"}],"status":"PERMISSION_DENIED","details":[{"@type":"type.googleapis.com/google.rpc.ErrorInfo","reason":"SERVICE_DISABLED","domain":"googleapis.com","metadata":{"serviceTitle":"Compute Engine API","activationUrl":"https://console.developers.google.com/apis/api/compute.googleapis.com/overview?project=445354161677","consumer":"projects/445354161677","containerInfo":"445354161677","service":"compute.googleapis.com"}},{"@type":"type.googleapis.com/google.rpc.LocalizedMessage","locale":"en-US","message":"Compute Engine API has not been used in project 445354161677 before or it is disabled. Enable it by visiting https://console.developers.google.com/apis/api/compute.googleapis.com/overview?project=445354161677 then retry. If you enabled this API recently, wait a few minutes for the action to propagate to our systems and retry."},{"@type":"type.googleapis.com/google.rpc.Help","links":[{"description":"Google developers console API activation","url":"https://console.developers.google.com/apis/api/compute.googleapis.com/overview?project=445354161677"}]}]}},"response":{"statusCode":403}},"exit":1,"message":"Request to https://compute.googleapis.com/compute/v1/projects/445354161677 had HTTP Error: 403, Compute Engine API has not been used in project 445354161677 before or it is disabled. Enable it by visiting https://console.developers.google.com/apis/api/compute.googleapis.com/overview?project=445354161677 then retry. If you enabled this API recently, wait a few minutes for the action to propagate to our systems and retry.","status":403}
[debug] [2025-12-26T22:51:07.851Z] Checked if tokens are valid: true, expires at: 1766792124365
[debug] [2025-12-26T22:51:07.851Z] Checked if tokens are valid: true, expires at: 1766792124365
[debug] [2025-12-26T22:51:07.852Z] >>> [apiv2][query] GET https://compute.googleapis.com/compute/v1/projects/445354161677 [none]
[debug] [2025-12-26T22:51:08.594Z] <<< [apiv2][status] GET https://compute.googleapis.com/compute/v1/projects/445354161677 403
[debug] [2025-12-26T22:51:08.594Z] <<< [apiv2][body] GET https://compute.googleapis.com/compute/v1/projects/445354161677 {"error":{"code":403,"message":"Compute Engine API has not been used in project 445354161677 before or it is disabled. Enable it by visiting https://console.developers.google.com/apis/api/compute.googleapis.com/overview?project=445354161677 then retry. If you enabled this API recently, wait a few minutes for the action to propagate to our systems and retry.","errors":[{"message":"Compute Engine API has not been used in project 445354161677 before or it is disabled. Enable it by visiting https://console.developers.google.com/apis/api/compute.googleapis.com/overview?project=445354161677 then retry. If you enabled this API recently, wait a few minutes for the action to propagate to our systems and retry.","domain":"usageLimits","reason":"accessNotConfigured","extendedHelp":"https://console.developers.google.com"}],"status":"PERMISSION_DENIED","details":[{"@type":"type.googleapis.com/google.rpc.ErrorInfo","reason":"SERVICE_DISABLED","domain":"googleapis.com","metadata":{"activationUrl":"https://console.developers.google.com/apis/api/compute.googleapis.com/overview?project=445354161677","service":"compute.googleapis.com","consumer":"projects/445354161677","serviceTitle":"Compute Engine API","containerInfo":"445354161677"}},{"@type":"type.googleapis.com/google.rpc.LocalizedMessage","locale":"en-US","message":"Compute Engine API has not been used in project 445354161677 before or it is disabled. Enable it by visiting https://console.developers.google.com/apis/api/compute.googleapis.com/overview?project=445354161677 then retry. If you enabled this API recently, wait a few minutes for the action to propagate to our systems and retry."},{"@type":"type.googleapis.com/google.rpc.Help","links":[{"description":"Google developers console API activation","url":"https://console.developers.google.com/apis/api/compute.googleapis.com/overview?project=445354161677"}]}]}}
[debug] [2025-12-26T22:51:08.595Z] unable to look up default compute service account. Falling back to 445354161677-compute@developer.gserviceaccount.com. Error: {"name":"FirebaseError","children":[],"context":{"body":{"error":{"code":403,"message":"Compute Engine API has not been used in project 445354161677 before or it is disabled. Enable it by visiting https://console.developers.google.com/apis/api/compute.googleapis.com/overview?project=445354161677 then retry. If you enabled this API recently, wait a few minutes for the action to propagate to our systems and retry.","errors":[{"message":"Compute Engine API has not been used in project 445354161677 before or it is disabled. Enable it by visiting https://console.developers.google.com/apis/api/compute.googleapis.com/overview?project=445354161677 then retry. If you enabled this API recently, wait a few minutes for the action to propagate to our systems and retry.","domain":"usageLimits","reason":"accessNotConfigured","extendedHelp":"https://console.developers.google.com"}],"status":"PERMISSION_DENIED","details":[{"@type":"type.googleapis.com/google.rpc.ErrorInfo","reason":"SERVICE_DISABLED","domain":"googleapis.com","metadata":{"activationUrl":"https://console.developers.google.com/apis/api/compute.googleapis.com/overview?project=445354161677","service":"compute.googleapis.com","consumer":"projects/445354161677","serviceTitle":"Compute Engine API","containerInfo":"445354161677"}},{"@type":"type.googleapis.com/google.rpc.LocalizedMessage","locale":"en-US","message":"Compute Engine API has not been used in project 445354161677 before or it is disabled. Enable it by visiting https://console.developers.google.com/apis/api/compute.googleapis.com/overview?project=445354161677 then retry. If you enabled this API recently, wait a few minutes for the action to propagate to our systems and retry."},{"@type":"type.googleapis.com/google.rpc.Help","links":[{"description":"Google developers console API activation","url":"https://console.developers.google.com/apis/api/compute.googleapis.com/overview?project=445354161677"}]}]}},"response":{"statusCode":403}},"exit":1,"message":"Request to https://compute.googleapis.com/compute/v1/projects/445354161677 had HTTP Error: 403, Compute Engine API has not been used in project 445354161677 before or it is disabled. Enable it by visiting https://console.developers.google.com/apis/api/compute.googleapis.com/overview?project=445354161677 then retry. If you enabled this API recently, wait a few minutes for the action to propagate to our systems and retry.","status":403}
[info] i  functions: ensuring 445354161677-compute@developer.gserviceaccount.com access to secret GOOGLE_PLACES_API_KEY. 
[debug] [2025-12-26T22:51:08.596Z] Checked if tokens are valid: true, expires at: 1766792124365
[debug] [2025-12-26T22:51:08.596Z] Checked if tokens are valid: true, expires at: 1766792124365
[debug] [2025-12-26T22:51:08.596Z] >>> [apiv2][query] GET https://secretmanager.googleapis.com/v1/projects/turneo-f9966/secrets/GOOGLE_PLACES_API_KEY:getIamPolicy [none]
[debug] [2025-12-26T22:51:08.969Z] <<< [apiv2][status] GET https://secretmanager.googleapis.com/v1/projects/turneo-f9966/secrets/GOOGLE_PLACES_API_KEY:getIamPolicy 200
[debug] [2025-12-26T22:51:08.969Z] <<< [apiv2][body] GET https://secretmanager.googleapis.com/v1/projects/turneo-f9966/secrets/GOOGLE_PLACES_API_KEY:getIamPolicy {"etag":"ACAB"}
[debug] [2025-12-26T22:51:08.970Z] Checked if tokens are valid: true, expires at: 1766792124365
[debug] [2025-12-26T22:51:08.970Z] Checked if tokens are valid: true, expires at: 1766792124365
[debug] [2025-12-26T22:51:08.970Z] >>> [apiv2][query] POST https://secretmanager.googleapis.com/v1/projects/turneo-f9966/secrets/GOOGLE_PLACES_API_KEY:setIamPolicy [none]
[debug] [2025-12-26T22:51:08.970Z] >>> [apiv2][body] POST https://secretmanager.googleapis.com/v1/projects/turneo-f9966/secrets/GOOGLE_PLACES_API_KEY:setIamPolicy {"policy":{"bindings":[{"role":"roles/secretmanager.secretAccessor","members":["serviceAccount:445354161677-compute@developer.gserviceaccount.com"]}]},"updateMask":"bindings"}
[debug] [2025-12-26T22:51:09.845Z] <<< [apiv2][status] POST https://secretmanager.googleapis.com/v1/projects/turneo-f9966/secrets/GOOGLE_PLACES_API_KEY:setIamPolicy 200
[debug] [2025-12-26T22:51:09.846Z] <<< [apiv2][body] POST https://secretmanager.googleapis.com/v1/projects/turneo-f9966/secrets/GOOGLE_PLACES_API_KEY:setIamPolicy {"version":1,"etag":"BwZG4rq9RYs=","bindings":[{"role":"roles/secretmanager.secretAccessor","members":["serviceAccount:445354161677-compute@developer.gserviceaccount.com"]}]}
[info] ✔  secretmanager: Granted roles/secretmanager.secretAccessor on projects/turneo-f9966/secrets/GOOGLE_PLACES_API_KEY to 445354161677-compute@developer.gserviceaccount.com 
[info] ✔  functions: ensured 445354161677-compute@developer.gserviceaccount.com access to GOOGLE_PLACES_API_KEY. 
[debug] [2025-12-26T22:51:09.849Z] Checked if tokens are valid: true, expires at: 1766792124365
[debug] [2025-12-26T22:51:09.849Z] Checked if tokens are valid: true, expires at: 1766792124365
[debug] [2025-12-26T22:51:09.849Z] >>> [apiv2][query] GET https://cloudbilling.googleapis.com/v1/projects/turneo-f9966/billingInfo [none]
[debug] [2025-12-26T22:51:10.172Z] <<< [apiv2][status] GET https://cloudbilling.googleapis.com/v1/projects/turneo-f9966/billingInfo 200
[debug] [2025-12-26T22:51:10.172Z] <<< [apiv2][body] GET https://cloudbilling.googleapis.com/v1/projects/turneo-f9966/billingInfo {"name":"projects/turneo-f9966/billingInfo","projectId":"turneo-f9966","billingAccountName":"billingAccounts/01EBA7-F476C7-409032","billingEnabled":true}
[debug] [2025-12-26T22:51:10.175Z] Checked if tokens are valid: true, expires at: 1766792124365
[debug] [2025-12-26T22:51:10.175Z] Checked if tokens are valid: true, expires at: 1766792124365
[debug] [2025-12-26T22:51:10.175Z] >>> [apiv2][query] POST https://cloudfunctions.googleapis.com/v2/projects/turneo-f9966/locations/us-central1/functions:generateUploadUrl [none]
[debug] [2025-12-26T22:51:11.075Z] <<< [apiv2][status] POST https://cloudfunctions.googleapis.com/v2/projects/turneo-f9966/locations/us-central1/functions:generateUploadUrl 200
[debug] [2025-12-26T22:51:11.075Z] <<< [apiv2][body] POST https://cloudfunctions.googleapis.com/v2/projects/turneo-f9966/locations/us-central1/functions:generateUploadUrl {"uploadUrl":"https://storage.googleapis.com/gcf-v2-uploads-445354161677.us-central1.cloudfunctions.appspot.com/5dc3420c-80e1-414a-9478-412f500680d4.zip?GoogleAccessId=service-445354161677@gcf-admin-robot.iam.gserviceaccount.com&Expires=1766791271&Signature=DPV4xQHQCgvapkmSM0ORl%2Fr5gPCDpG7zxZFuubBa6IclqSyn%2FqrQySRazLRj7pdeSyZLb%2FegWmwvd906TJINASmcag63hhIjVAi9BDg%2BWRe3bo3yH3oUEylD1%2Fjvi5Gy4GvNl7aXQqNwz5ZrJpI8vg589NKWq1408TtOkoaafKa7UyeXwrw8kDUJjiC859YkxX0qQt7czy1xWH9b97gwE5ImRXOvfuXCMPjwitKcHjDeE7qyNJR4CU4EeQ8CaK%2B85PdGPj7tJMeRlmIN4CT4zWYXugBvqQXqyniG8%2FXic8%2BhMOvxivJzdIQnPB4TF%2Bk3j%2BcARNBkz5VLqaTcnsRmKA%3D%3D","storageSource":{"bucket":"gcf-v2-uploads-445354161677.us-central1.cloudfunctions.appspot.com","object":"5dc3420c-80e1-414a-9478-412f500680d4.zip"}}
[debug] [2025-12-26T22:51:11.076Z] >>> [apiv2][query] PUT https://storage.googleapis.com/gcf-v2-uploads-445354161677.us-central1.cloudfunctions.appspot.com/5dc3420c-80e1-414a-9478-412f500680d4.zip GoogleAccessId=service-445354161677%40gcf-admin-robot.iam.gserviceaccount.com&Expires=1766791271&Signature=DPV4xQHQCgvapkmSM0ORl%2Fr5gPCDpG7zxZFuubBa6IclqSyn%2FqrQySRazLRj7pdeSyZLb%2FegWmwvd906TJINASmcag63hhIjVAi9BDg%2BWRe3bo3yH3oUEylD1%2Fjvi5Gy4GvNl7aXQqNwz5ZrJpI8vg589NKWq1408TtOkoaafKa7UyeXwrw8kDUJjiC859YkxX0qQt7czy1xWH9b97gwE5ImRXOvfuXCMPjwitKcHjDeE7qyNJR4CU4EeQ8CaK%2B85PdGPj7tJMeRlmIN4CT4zWYXugBvqQXqyniG8%2FXic8%2BhMOvxivJzdIQnPB4TF%2Bk3j%2BcARNBkz5VLqaTcnsRmKA%3D%3D
[debug] [2025-12-26T22:51:11.076Z] >>> [apiv2][body] PUT https://storage.googleapis.com/gcf-v2-uploads-445354161677.us-central1.cloudfunctions.appspot.com/5dc3420c-80e1-414a-9478-412f500680d4.zip [stream]
[debug] [2025-12-26T22:51:12.564Z] <<< [apiv2][status] PUT https://storage.googleapis.com/gcf-v2-uploads-445354161677.us-central1.cloudfunctions.appspot.com/5dc3420c-80e1-414a-9478-412f500680d4.zip 200
[debug] [2025-12-26T22:51:12.565Z] <<< [apiv2][body] PUT https://storage.googleapis.com/gcf-v2-uploads-445354161677.us-central1.cloudfunctions.appspot.com/5dc3420c-80e1-414a-9478-412f500680d4.zip [omitted]
[info] ✔  functions: functions source uploaded successfully 
[info] 
The following functions are found in your project but do not exist in your local source code:
	consumeLicense(us-central1)
	grantSelfAdmin(us-central1)
	invitarUsuario(us-central1)
	validateLicense(us-central1)

If you are renaming a function or changing its region, it is recommended that you create the new function first before deleting the old one to prevent event loss. For more info, visit https://firebase.google.com/docs/functions/manage-functions#modify

[info] i  functions: creating Node.js 22 (2nd Gen) function placesAutocomplete(us-central1)... 
[info] i  functions: creating Node.js 22 (2nd Gen) function placesDetails(us-central1)... 
[info] i  functions: creating Node.js 22 (2nd Gen) function geocodeAddress(us-central1)... 
[debug] [2025-12-26T22:51:56.001Z] Checked if tokens are valid: true, expires at: 1766792124365
[debug] [2025-12-26T22:51:56.003Z] Checked if tokens are valid: true, expires at: 1766792124365
[debug] [2025-12-26T22:51:56.004Z] >>> [apiv2][query] POST https://cloudfunctions.googleapis.com/v2/projects/turneo-f9966/locations/us-central1/functions functionId=placesAutocomplete
[debug] [2025-12-26T22:51:56.004Z] >>> [apiv2][body] POST https://cloudfunctions.googleapis.com/v2/projects/turneo-f9966/locations/us-central1/functions {"name":"projects/turneo-f9966/locations/us-central1/functions/placesAutocomplete","buildConfig":{"runtime":"nodejs22","entryPoint":"placesAutocomplete","source":{"storageSource":{"bucket":"gcf-v2-uploads-445354161677.us-central1.cloudfunctions.appspot.com","object":"5dc3420c-80e1-414a-9478-412f500680d4.zip"}},"environmentVariables":{"GOOGLE_NODE_RUN_SCRIPTS":""}},"serviceConfig":{"environmentVariables":{"FIREBASE_CONFIG":"{\"projectId\":\"turneo-f9966\",\"storageBucket\":\"turneo-f9966.firebasestorage.app\"}","GCLOUD_PROJECT":"turneo-f9966","EVENTARC_CLOUD_EVENT_SOURCE":"projects/turneo-f9966/locations/us-central1/services/placesAutocomplete","FUNCTION_TARGET":"placesAutocomplete","LOG_EXECUTION_ID":"true"},"secretEnvironmentVariables":[{"key":"GOOGLE_PLACES_API_KEY","secret":"GOOGLE_PLACES_API_KEY","projectId":"turneo-f9966","version":"3"}],"ingressSettings":null,"timeoutSeconds":null,"serviceAccountEmail":null,"availableMemory":"256Mi","minInstanceCount":null,"maxInstanceCount":null,"maxInstanceRequestConcurrency":80,"availableCpu":"1","vpcConnector":null,"vpcConnectorEgressSettings":null},"labels":{"deployment-tool":"cli-firebase","deployment-callable":"true","firebase-functions-hash":"81d98037fa5820deca3a79ff63631dcd88ba3a77"}}
[debug] [2025-12-26T22:51:57.297Z] <<< [apiv2][status] POST https://cloudfunctions.googleapis.com/v2/projects/turneo-f9966/locations/us-central1/functions 200
[debug] [2025-12-26T22:51:57.297Z] <<< [apiv2][body] POST https://cloudfunctions.googleapis.com/v2/projects/turneo-f9966/locations/us-central1/functions {"name":"projects/turneo-f9966/locations/us-central1/operations/operation-1766789516710-646e2bd89529d-01eff875-7f7c82d0","metadata":{"@type":"type.googleapis.com/google.cloud.functions.v2.OperationMetadata","createTime":"2025-12-26T22:51:57.176491211Z","target":"projects/turneo-f9966/locations/us-central1/functions/placesAutocomplete","verb":"create","cancelRequested":false,"apiVersion":"v2"},"done":false}
[debug] [2025-12-26T22:51:57.299Z] Checked if tokens are valid: true, expires at: 1766792124365
[debug] [2025-12-26T22:51:57.299Z] Checked if tokens are valid: true, expires at: 1766792124365
[debug] [2025-12-26T22:51:57.299Z] >>> [apiv2][query] GET https://cloudfunctions.googleapis.com/v2/projects/turneo-f9966/locations/us-central1/operations/operation-1766789516710-646e2bd89529d-01eff875-7f7c82d0 [none]
[debug] [2025-12-26T22:51:58.013Z] <<< [apiv2][status] GET https://cloudfunctions.googleapis.com/v2/projects/turneo-f9966/locations/us-central1/operations/operation-1766789516710-646e2bd89529d-01eff875-7f7c82d0 200
[debug] [2025-12-26T22:51:58.013Z] <<< [apiv2][body] GET https://cloudfunctions.googleapis.com/v2/projects/turneo-f9966/locations/us-central1/operations/operation-1766789516710-646e2bd89529d-01eff875-7f7c82d0 {"name":"projects/turneo-f9966/locations/us-central1/operations/operation-1766789516710-646e2bd89529d-01eff875-7f7c82d0","metadata":{"@type":"type.googleapis.com/google.cloud.functions.v2.OperationMetadata","createTime":"2025-12-26T22:51:57.176491211Z","target":"projects/turneo-f9966/locations/us-central1/functions/placesAutocomplete","verb":"create","cancelRequested":false,"apiVersion":"v2","requestResource":{"@type":"type.googleapis.com/google.cloud.functions.v2.Function","name":"projects/turneo-f9966/locations/us-central1/functions/placesAutocomplete","buildConfig":{"runtime":"nodejs22","entryPoint":"placesAutocomplete","source":{"storageSource":{"bucket":"gcf-v2-sources-445354161677-us-central1","object":"placesAutocomplete/function-source.zip","generation":"1766789516942552"}},"environmentVariables":{"GOOGLE_NODE_RUN_SCRIPTS":""},"serviceAccount":"projects/turneo-f9966/serviceAccounts/445354161677-compute@developer.gserviceaccount.com","automaticUpdatePolicy":{}},"serviceConfig":{"service":"projects/turneo-f9966/locations/us-central1/services/placesautocomplete","timeoutSeconds":60,"environmentVariables":{"FIREBASE_CONFIG":"{\"projectId\":\"turneo-f9966\",\"storageBucket\":\"turneo-f9966.firebasestorage.app\"}","GCLOUD_PROJECT":"turneo-f9966","EVENTARC_CLOUD_EVENT_SOURCE":"projects/turneo-f9966/locations/us-central1/services/placesAutocomplete","FUNCTION_TARGET":"placesAutocomplete","LOG_EXECUTION_ID":"true"},"ingressSettings":"ALLOW_ALL","serviceAccountEmail":"445354161677-compute@developer.gserviceaccount.com","availableMemory":"256Mi","secretEnvironmentVariables":[{"key":"GOOGLE_PLACES_API_KEY","projectId":"turneo-f9966","secret":"GOOGLE_PLACES_API_KEY","version":"3"}],"maxInstanceRequestConcurrency":80,"availableCpu":"1"},"labels":{"deployment-tool":"cli-firebase","deployment-callable":"true","firebase-functions-hash":"81d98037fa5820deca3a79ff63631dcd88ba3a77"},"environment":"GEN_2"},"stages":[{"name":"BUILD","message":"Creating build","state":"IN_PROGRESS","resource":"projects/445354161677/locations/us-central1/builds/7fb1f8f9-c1e5-46c2-8005-900beadaba94","resourceUri":"https://console.cloud.google.com/cloud-build/builds;region=us-central1/7fb1f8f9-c1e5-46c2-8005-900beadaba94?project=445354161677"},{"name":"SERVICE","state":"NOT_STARTED"}],"operationType":"CREATE_FUNCTION","buildName":"projects/445354161677/locations/us-central1/builds/7fb1f8f9-c1e5-46c2-8005-900beadaba94"},"done":false}
[debug] [2025-12-26T22:51:58.515Z] [create-default-us-central1-placesAutocomplete] Retrying task index 0
[debug] [2025-12-26T22:51:58.515Z] Checked if tokens are valid: true, expires at: 1766792124365
[debug] [2025-12-26T22:51:58.515Z] Checked if tokens are valid: true, expires at: 1766792124365
[debug] [2025-12-26T22:51:58.515Z] >>> [apiv2][query] GET https://cloudfunctions.googleapis.com/v2/projects/turneo-f9966/locations/us-central1/operations/operation-1766789516710-646e2bd89529d-01eff875-7f7c82d0 [none]
[debug] [2025-12-26T22:51:59.208Z] <<< [apiv2][status] GET https://cloudfunctions.googleapis.com/v2/projects/turneo-f9966/locations/us-central1/operations/operation-1766789516710-646e2bd89529d-01eff875-7f7c82d0 200
[debug] [2025-12-26T22:51:59.208Z] <<< [apiv2][body] GET https://cloudfunctions.googleapis.com/v2/projects/turneo-f9966/locations/us-central1/operations/operation-1766789516710-646e2bd89529d-01eff875-7f7c82d0 {"name":"projects/turneo-f9966/locations/us-central1/operations/operation-1766789516710-646e2bd89529d-01eff875-7f7c82d0","metadata":{"@type":"type.googleapis.com/google.cloud.functions.v2.OperationMetadata","createTime":"2025-12-26T22:51:57.176491211Z","target":"projects/turneo-f9966/locations/us-central1/functions/placesAutocomplete","verb":"create","cancelRequested":false,"apiVersion":"v2","requestResource":{"@type":"type.googleapis.com/google.cloud.functions.v2.Function","name":"projects/turneo-f9966/locations/us-central1/functions/placesAutocomplete","buildConfig":{"runtime":"nodejs22","entryPoint":"placesAutocomplete","source":{"storageSource":{"bucket":"gcf-v2-sources-445354161677-us-central1","object":"placesAutocomplete/function-source.zip","generation":"1766789516942552"}},"environmentVariables":{"GOOGLE_NODE_RUN_SCRIPTS":""},"serviceAccount":"projects/turneo-f9966/serviceAccounts/445354161677-compute@developer.gserviceaccount.com","automaticUpdatePolicy":{}},"serviceConfig":{"service":"projects/turneo-f9966/locations/us-central1/services/placesautocomplete","timeoutSeconds":60,"environmentVariables":{"FIREBASE_CONFIG":"{\"projectId\":\"turneo-f9966\",\"storageBucket\":\"turneo-f9966.firebasestorage.app\"}","GCLOUD_PROJECT":"turneo-f9966","EVENTARC_CLOUD_EVENT_SOURCE":"projects/turneo-f9966/locations/us-central1/services/placesAutocomplete","FUNCTION_TARGET":"placesAutocomplete","LOG_EXECUTION_ID":"true"},"ingressSettings":"ALLOW_ALL","serviceAccountEmail":"445354161677-compute@developer.gserviceaccount.com","availableMemory":"256Mi","secretEnvironmentVariables":[{"key":"GOOGLE_PLACES_API_KEY","projectId":"turneo-f9966","secret":"GOOGLE_PLACES_API_KEY","version":"3"}],"maxInstanceRequestConcurrency":80,"availableCpu":"1"},"labels":{"deployment-tool":"cli-firebase","deployment-callable":"true","firebase-functions-hash":"81d98037fa5820deca3a79ff63631dcd88ba3a77"},"environment":"GEN_2"},"stages":[{"name":"BUILD","message":"Build in progress","state":"IN_PROGRESS","resource":"projects/445354161677/locations/us-central1/builds/7fb1f8f9-c1e5-46c2-8005-900beadaba94","resourceUri":"https://console.cloud.google.com/cloud-build/builds;region=us-central1/7fb1f8f9-c1e5-46c2-8005-900beadaba94?project=445354161677"},{"name":"SERVICE","state":"NOT_STARTED"}],"operationType":"CREATE_FUNCTION","buildName":"projects/445354161677/locations/us-central1/builds/7fb1f8f9-c1e5-46c2-8005-900beadaba94"},"done":false}
[debug] [2025-12-26T22:52:00.210Z] [create-default-us-central1-placesAutocomplete] Retrying task index 0
[debug] [2025-12-26T22:52:00.211Z] Checked if tokens are valid: true, expires at: 1766792124365
[debug] [2025-12-26T22:52:00.211Z] Checked if tokens are valid: true, expires at: 1766792124365
[debug] [2025-12-26T22:52:00.211Z] >>> [apiv2][query] GET https://cloudfunctions.googleapis.com/v2/projects/turneo-f9966/locations/us-central1/operations/operation-1766789516710-646e2bd89529d-01eff875-7f7c82d0 [none]
[debug] [2025-12-26T22:52:00.982Z] <<< [apiv2][status] GET https://cloudfunctions.googleapis.com/v2/projects/turneo-f9966/locations/us-central1/operations/operation-1766789516710-646e2bd89529d-01eff875-7f7c82d0 200
[debug] [2025-12-26T22:52:00.983Z] <<< [apiv2][body] GET https://cloudfunctions.googleapis.com/v2/projects/turneo-f9966/locations/us-central1/operations/operation-1766789516710-646e2bd89529d-01eff875-7f7c82d0 {"name":"projects/turneo-f9966/locations/us-central1/operations/operation-1766789516710-646e2bd89529d-01eff875-7f7c82d0","metadata":{"@type":"type.googleapis.com/google.cloud.functions.v2.OperationMetadata","createTime":"2025-12-26T22:51:57.176491211Z","target":"projects/turneo-f9966/locations/us-central1/functions/placesAutocomplete","verb":"create","cancelRequested":false,"apiVersion":"v2","requestResource":{"@type":"type.googleapis.com/google.cloud.functions.v2.Function","name":"projects/turneo-f9966/locations/us-central1/functions/placesAutocomplete","buildConfig":{"runtime":"nodejs22","entryPoint":"placesAutocomplete","source":{"storageSource":{"bucket":"gcf-v2-sources-445354161677-us-central1","object":"placesAutocomplete/function-source.zip","generation":"1766789516942552"}},"environmentVariables":{"GOOGLE_NODE_RUN_SCRIPTS":""},"serviceAccount":"projects/turneo-f9966/serviceAccounts/445354161677-compute@developer.gserviceaccount.com","automaticUpdatePolicy":{}},"serviceConfig":{"service":"projects/turneo-f9966/locations/us-central1/services/placesautocomplete","timeoutSeconds":60,"environmentVariables":{"FIREBASE_CONFIG":"{\"projectId\":\"turneo-f9966\",\"storageBucket\":\"turneo-f9966.firebasestorage.app\"}","GCLOUD_PROJECT":"turneo-f9966","EVENTARC_CLOUD_EVENT_SOURCE":"projects/turneo-f9966/locations/us-central1/services/placesAutocomplete","FUNCTION_TARGET":"placesAutocomplete","LOG_EXECUTION_ID":"true"},"ingressSettings":"ALLOW_ALL","serviceAccountEmail":"445354161677-compute@developer.gserviceaccount.com","availableMemory":"256Mi","secretEnvironmentVariables":[{"key":"GOOGLE_PLACES_API_KEY","projectId":"turneo-f9966","secret":"GOOGLE_PLACES_API_KEY","version":"3"}],"maxInstanceRequestConcurrency":80,"availableCpu":"1"},"labels":{"deployment-tool":"cli-firebase","deployment-callable":"true","firebase-functions-hash":"81d98037fa5820deca3a79ff63631dcd88ba3a77"},"environment":"GEN_2"},"stages":[{"name":"BUILD","message":"Build in progress","state":"IN_PROGRESS","resource":"projects/445354161677/locations/us-central1/builds/7fb1f8f9-c1e5-46c2-8005-900beadaba94","resourceUri":"https://console.cloud.google.com/cloud-build/builds;region=us-central1/7fb1f8f9-c1e5-46c2-8005-900beadaba94?project=445354161677"},{"name":"SERVICE","state":"NOT_STARTED"}],"operationType":"CREATE_FUNCTION","buildName":"projects/445354161677/locations/us-central1/builds/7fb1f8f9-c1e5-46c2-8005-900beadaba94"},"done":false}
[debug] [2025-12-26T22:52:02.984Z] [create-default-us-central1-placesAutocomplete] Retrying task index 0
[debug] [2025-12-26T22:52:02.985Z] Checked if tokens are valid: true, expires at: 1766792124365
[debug] [2025-12-26T22:52:02.986Z] Checked if tokens are valid: true, expires at: 1766792124365
[debug] [2025-12-26T22:52:02.986Z] >>> [apiv2][query] GET https://cloudfunctions.googleapis.com/v2/projects/turneo-f9966/locations/us-central1/operations/operation-1766789516710-646e2bd89529d-01eff875-7f7c82d0 [none]
[debug] [2025-12-26T22:52:03.849Z] <<< [apiv2][status] GET https://cloudfunctions.googleapis.com/v2/projects/turneo-f9966/locations/us-central1/operations/operation-1766789516710-646e2bd89529d-01eff875-7f7c82d0 200
[debug] [2025-12-26T22:52:03.849Z] <<< [apiv2][body] GET https://cloudfunctions.googleapis.com/v2/projects/turneo-f9966/locations/us-central1/operations/operation-1766789516710-646e2bd89529d-01eff875-7f7c82d0 {"name":"projects/turneo-f9966/locations/us-central1/operations/operation-1766789516710-646e2bd89529d-01eff875-7f7c82d0","metadata":{"@type":"type.googleapis.com/google.cloud.functions.v2.OperationMetadata","createTime":"2025-12-26T22:51:57.176491211Z","target":"projects/turneo-f9966/locations/us-central1/functions/placesAutocomplete","verb":"create","cancelRequested":false,"apiVersion":"v2","requestResource":{"@type":"type.googleapis.com/google.cloud.functions.v2.Function","name":"projects/turneo-f9966/locations/us-central1/functions/placesAutocomplete","buildConfig":{"runtime":"nodejs22","entryPoint":"placesAutocomplete","source":{"storageSource":{"bucket":"gcf-v2-sources-445354161677-us-central1","object":"placesAutocomplete/function-source.zip","generation":"1766789516942552"}},"environmentVariables":{"GOOGLE_NODE_RUN_SCRIPTS":""},"serviceAccount":"projects/turneo-f9966/serviceAccounts/445354161677-compute@developer.gserviceaccount.com","automaticUpdatePolicy":{}},"serviceConfig":{"service":"projects/turneo-f9966/locations/us-central1/services/placesautocomplete","timeoutSeconds":60,"environmentVariables":{"FIREBASE_CONFIG":"{\"projectId\":\"turneo-f9966\",\"storageBucket\":\"turneo-f9966.firebasestorage.app\"}","GCLOUD_PROJECT":"turneo-f9966","EVENTARC_CLOUD_EVENT_SOURCE":"projects/turneo-f9966/locations/us-central1/services/placesAutocomplete","FUNCTION_TARGET":"placesAutocomplete","LOG_EXECUTION_ID":"true"},"ingressSettings":"ALLOW_ALL","serviceAccountEmail":"445354161677-compute@developer.gserviceaccount.com","availableMemory":"256Mi","secretEnvironmentVariables":[{"key":"GOOGLE_PLACES_API_KEY","projectId":"turneo-f9966","secret":"GOOGLE_PLACES_API_KEY","version":"3"}],"maxInstanceRequestConcurrency":80,"availableCpu":"1"},"labels":{"deployment-tool":"cli-firebase","deployment-callable":"true","firebase-functions-hash":"81d98037fa5820deca3a79ff63631dcd88ba3a77"},"environment":"GEN_2"},"stages":[{"name":"BUILD","message":"Build in progress","state":"IN_PROGRESS","resource":"projects/445354161677/locations/us-central1/builds/7fb1f8f9-c1e5-46c2-8005-900beadaba94","resourceUri":"https://console.cloud.google.com/cloud-build/builds;region=us-central1/7fb1f8f9-c1e5-46c2-8005-900beadaba94?project=445354161677"},{"name":"SERVICE","state":"NOT_STARTED"}],"operationType":"CREATE_FUNCTION","buildName":"projects/445354161677/locations/us-central1/builds/7fb1f8f9-c1e5-46c2-8005-900beadaba94"},"done":false}
[debug] [2025-12-26T22:52:07.851Z] [create-default-us-central1-placesAutocomplete] Retrying task index 0
[debug] [2025-12-26T22:52:07.855Z] Checked if tokens are valid: true, expires at: 1766792124365
[debug] [2025-12-26T22:52:07.855Z] Checked if tokens are valid: true, expires at: 1766792124365
[debug] [2025-12-26T22:52:07.855Z] >>> [apiv2][query] GET https://cloudfunctions.googleapis.com/v2/projects/turneo-f9966/locations/us-central1/operations/operation-1766789516710-646e2bd89529d-01eff875-7f7c82d0 [none]
[debug] [2025-12-26T22:52:08.662Z] <<< [apiv2][status] GET https://cloudfunctions.googleapis.com/v2/projects/turneo-f9966/locations/us-central1/operations/operation-1766789516710-646e2bd89529d-01eff875-7f7c82d0 200
[debug] [2025-12-26T22:52:08.662Z] <<< [apiv2][body] GET https://cloudfunctions.googleapis.com/v2/projects/turneo-f9966/locations/us-central1/operations/operation-1766789516710-646e2bd89529d-01eff875-7f7c82d0 {"name":"projects/turneo-f9966/locations/us-central1/operations/operation-1766789516710-646e2bd89529d-01eff875-7f7c82d0","metadata":{"@type":"type.googleapis.com/google.cloud.functions.v2.OperationMetadata","createTime":"2025-12-26T22:51:57.176491211Z","target":"projects/turneo-f9966/locations/us-central1/functions/placesAutocomplete","verb":"create","cancelRequested":false,"apiVersion":"v2","requestResource":{"@type":"type.googleapis.com/google.cloud.functions.v2.Function","name":"projects/turneo-f9966/locations/us-central1/functions/placesAutocomplete","buildConfig":{"runtime":"nodejs22","entryPoint":"placesAutocomplete","source":{"storageSource":{"bucket":"gcf-v2-sources-445354161677-us-central1","object":"placesAutocomplete/function-source.zip","generation":"1766789516942552"}},"environmentVariables":{"GOOGLE_NODE_RUN_SCRIPTS":""},"serviceAccount":"projects/turneo-f9966/serviceAccounts/445354161677-compute@developer.gserviceaccount.com","automaticUpdatePolicy":{}},"serviceConfig":{"service":"projects/turneo-f9966/locations/us-central1/services/placesautocomplete","timeoutSeconds":60,"environmentVariables":{"FIREBASE_CONFIG":"{\"projectId\":\"turneo-f9966\",\"storageBucket\":\"turneo-f9966.firebasestorage.app\"}","GCLOUD_PROJECT":"turneo-f9966","EVENTARC_CLOUD_EVENT_SOURCE":"projects/turneo-f9966/locations/us-central1/services/placesAutocomplete","FUNCTION_TARGET":"placesAutocomplete","LOG_EXECUTION_ID":"true"},"ingressSettings":"ALLOW_ALL","serviceAccountEmail":"445354161677-compute@developer.gserviceaccount.com","availableMemory":"256Mi","secretEnvironmentVariables":[{"key":"GOOGLE_PLACES_API_KEY","projectId":"turneo-f9966","secret":"GOOGLE_PLACES_API_KEY","version":"3"}],"maxInstanceRequestConcurrency":80,"availableCpu":"1"},"labels":{"deployment-tool":"cli-firebase","deployment-callable":"true","firebase-functions-hash":"81d98037fa5820deca3a79ff63631dcd88ba3a77"},"environment":"GEN_2"},"stages":[{"name":"BUILD","message":"Build in progress","state":"IN_PROGRESS","resource":"projects/445354161677/locations/us-central1/builds/7fb1f8f9-c1e5-46c2-8005-900beadaba94","resourceUri":"https://console.cloud.google.com/cloud-build/builds;region=us-central1/7fb1f8f9-c1e5-46c2-8005-900beadaba94?project=445354161677"},{"name":"SERVICE","state":"NOT_STARTED"}],"operationType":"CREATE_FUNCTION","buildName":"projects/445354161677/locations/us-central1/builds/7fb1f8f9-c1e5-46c2-8005-900beadaba94"},"done":false}
[debug] [2025-12-26T22:52:16.664Z] [create-default-us-central1-placesAutocomplete] Retrying task index 0
[debug] [2025-12-26T22:52:16.665Z] Checked if tokens are valid: true, expires at: 1766792124365
[debug] [2025-12-26T22:52:16.665Z] Checked if tokens are valid: true, expires at: 1766792124365
[debug] [2025-12-26T22:52:16.665Z] >>> [apiv2][query] GET https://cloudfunctions.googleapis.com/v2/projects/turneo-f9966/locations/us-central1/operations/operation-1766789516710-646e2bd89529d-01eff875-7f7c82d0 [none]
[debug] [2025-12-26T22:52:17.467Z] <<< [apiv2][status] GET https://cloudfunctions.googleapis.com/v2/projects/turneo-f9966/locations/us-central1/operations/operation-1766789516710-646e2bd89529d-01eff875-7f7c82d0 200
[debug] [2025-12-26T22:52:17.467Z] <<< [apiv2][body] GET https://cloudfunctions.googleapis.com/v2/projects/turneo-f9966/locations/us-central1/operations/operation-1766789516710-646e2bd89529d-01eff875-7f7c82d0 {"name":"projects/turneo-f9966/locations/us-central1/operations/operation-1766789516710-646e2bd89529d-01eff875-7f7c82d0","metadata":{"@type":"type.googleapis.com/google.cloud.functions.v2.OperationMetadata","createTime":"2025-12-26T22:51:57.176491211Z","target":"projects/turneo-f9966/locations/us-central1/functions/placesAutocomplete","verb":"create","cancelRequested":false,"apiVersion":"v2","requestResource":{"@type":"type.googleapis.com/google.cloud.functions.v2.Function","name":"projects/turneo-f9966/locations/us-central1/functions/placesAutocomplete","buildConfig":{"runtime":"nodejs22","entryPoint":"placesAutocomplete","source":{"storageSource":{"bucket":"gcf-v2-sources-445354161677-us-central1","object":"placesAutocomplete/function-source.zip","generation":"1766789516942552"}},"environmentVariables":{"GOOGLE_NODE_RUN_SCRIPTS":""},"serviceAccount":"projects/turneo-f9966/serviceAccounts/445354161677-compute@developer.gserviceaccount.com","automaticUpdatePolicy":{}},"serviceConfig":{"service":"projects/turneo-f9966/locations/us-central1/services/placesautocomplete","timeoutSeconds":60,"environmentVariables":{"FIREBASE_CONFIG":"{\"projectId\":\"turneo-f9966\",\"storageBucket\":\"turneo-f9966.firebasestorage.app\"}","GCLOUD_PROJECT":"turneo-f9966","EVENTARC_CLOUD_EVENT_SOURCE":"projects/turneo-f9966/locations/us-central1/services/placesAutocomplete","FUNCTION_TARGET":"placesAutocomplete","LOG_EXECUTION_ID":"true"},"ingressSettings":"ALLOW_ALL","serviceAccountEmail":"445354161677-compute@developer.gserviceaccount.com","availableMemory":"256Mi","secretEnvironmentVariables":[{"key":"GOOGLE_PLACES_API_KEY","projectId":"turneo-f9966","secret":"GOOGLE_PLACES_API_KEY","version":"3"}],"maxInstanceRequestConcurrency":80,"availableCpu":"1"},"labels":{"deployment-tool":"cli-firebase","deployment-callable":"true","firebase-functions-hash":"81d98037fa5820deca3a79ff63631dcd88ba3a77"},"environment":"GEN_2"},"stages":[{"name":"BUILD","message":"Build in progress","state":"IN_PROGRESS","resource":"projects/445354161677/locations/us-central1/builds/7fb1f8f9-c1e5-46c2-8005-900beadaba94","resourceUri":"https://console.cloud.google.com/cloud-build/builds;region=us-central1/7fb1f8f9-c1e5-46c2-8005-900beadaba94?project=445354161677"},{"name":"SERVICE","state":"NOT_STARTED"}],"operationType":"CREATE_FUNCTION","buildName":"projects/445354161677/locations/us-central1/builds/7fb1f8f9-c1e5-46c2-8005-900beadaba94"},"done":false}
[debug] [2025-12-26T22:52:27.470Z] [create-default-us-central1-placesAutocomplete] Retrying task index 0
[debug] [2025-12-26T22:52:27.472Z] Checked if tokens are valid: true, expires at: 1766792124365
[debug] [2025-12-26T22:52:27.472Z] Checked if tokens are valid: true, expires at: 1766792124365
[debug] [2025-12-26T22:52:27.473Z] >>> [apiv2][query] GET https://cloudfunctions.googleapis.com/v2/projects/turneo-f9966/locations/us-central1/operations/operation-1766789516710-646e2bd89529d-01eff875-7f7c82d0 [none]
[debug] [2025-12-26T22:52:28.413Z] <<< [apiv2][status] GET https://cloudfunctions.googleapis.com/v2/projects/turneo-f9966/locations/us-central1/operations/operation-1766789516710-646e2bd89529d-01eff875-7f7c82d0 200
[debug] [2025-12-26T22:52:28.413Z] <<< [apiv2][body] GET https://cloudfunctions.googleapis.com/v2/projects/turneo-f9966/locations/us-central1/operations/operation-1766789516710-646e2bd89529d-01eff875-7f7c82d0 {"name":"projects/turneo-f9966/locations/us-central1/operations/operation-1766789516710-646e2bd89529d-01eff875-7f7c82d0","metadata":{"@type":"type.googleapis.com/google.cloud.functions.v2.OperationMetadata","createTime":"2025-12-26T22:51:57.176491211Z","target":"projects/turneo-f9966/locations/us-central1/functions/placesAutocomplete","verb":"create","cancelRequested":false,"apiVersion":"v2","requestResource":{"@type":"type.googleapis.com/google.cloud.functions.v2.Function","name":"projects/turneo-f9966/locations/us-central1/functions/placesAutocomplete","buildConfig":{"runtime":"nodejs22","entryPoint":"placesAutocomplete","source":{"storageSource":{"bucket":"gcf-v2-sources-445354161677-us-central1","object":"placesAutocomplete/function-source.zip","generation":"1766789516942552"}},"environmentVariables":{"GOOGLE_NODE_RUN_SCRIPTS":""},"serviceAccount":"projects/turneo-f9966/serviceAccounts/445354161677-compute@developer.gserviceaccount.com","automaticUpdatePolicy":{}},"serviceConfig":{"service":"projects/turneo-f9966/locations/us-central1/services/placesautocomplete","timeoutSeconds":60,"environmentVariables":{"FIREBASE_CONFIG":"{\"projectId\":\"turneo-f9966\",\"storageBucket\":\"turneo-f9966.firebasestorage.app\"}","GCLOUD_PROJECT":"turneo-f9966","EVENTARC_CLOUD_EVENT_SOURCE":"projects/turneo-f9966/locations/us-central1/services/placesAutocomplete","FUNCTION_TARGET":"placesAutocomplete","LOG_EXECUTION_ID":"true"},"ingressSettings":"ALLOW_ALL","serviceAccountEmail":"445354161677-compute@developer.gserviceaccount.com","availableMemory":"256Mi","secretEnvironmentVariables":[{"key":"GOOGLE_PLACES_API_KEY","projectId":"turneo-f9966","secret":"GOOGLE_PLACES_API_KEY","version":"3"}],"maxInstanceRequestConcurrency":80,"availableCpu":"1"},"labels":{"deployment-tool":"cli-firebase","deployment-callable":"true","firebase-functions-hash":"81d98037fa5820deca3a79ff63631dcd88ba3a77"},"environment":"GEN_2"},"stages":[{"name":"BUILD","message":"Build in progress","state":"IN_PROGRESS","resource":"projects/445354161677/locations/us-central1/builds/7fb1f8f9-c1e5-46c2-8005-900beadaba94","resourceUri":"https://console.cloud.google.com/cloud-build/builds;region=us-central1/7fb1f8f9-c1e5-46c2-8005-900beadaba94?project=445354161677"},{"name":"SERVICE","state":"NOT_STARTED"}],"operationType":"CREATE_FUNCTION","buildName":"projects/445354161677/locations/us-central1/builds/7fb1f8f9-c1e5-46c2-8005-900beadaba94"},"done":false}
[debug] [2025-12-26T22:52:38.415Z] [create-default-us-central1-placesAutocomplete] Retrying task index 0
[debug] [2025-12-26T22:52:38.415Z] Checked if tokens are valid: true, expires at: 1766792124365
[debug] [2025-12-26T22:52:38.415Z] Checked if tokens are valid: true, expires at: 1766792124365
[debug] [2025-12-26T22:52:38.415Z] >>> [apiv2][query] GET https://cloudfunctions.googleapis.com/v2/projects/turneo-f9966/locations/us-central1/operations/operation-1766789516710-646e2bd89529d-01eff875-7f7c82d0 [none]
[debug] [2025-12-26T22:52:39.176Z] <<< [apiv2][status] GET https://cloudfunctions.googleapis.com/v2/projects/turneo-f9966/locations/us-central1/operations/operation-1766789516710-646e2bd89529d-01eff875-7f7c82d0 200
[debug] [2025-12-26T22:52:39.176Z] <<< [apiv2][body] GET https://cloudfunctions.googleapis.com/v2/projects/turneo-f9966/locations/us-central1/operations/operation-1766789516710-646e2bd89529d-01eff875-7f7c82d0 {"name":"projects/turneo-f9966/locations/us-central1/operations/operation-1766789516710-646e2bd89529d-01eff875-7f7c82d0","metadata":{"@type":"type.googleapis.com/google.cloud.functions.v2.OperationMetadata","createTime":"2025-12-26T22:51:57.176491211Z","target":"projects/turneo-f9966/locations/us-central1/functions/placesAutocomplete","verb":"create","cancelRequested":false,"apiVersion":"v2","requestResource":{"@type":"type.googleapis.com/google.cloud.functions.v2.Function","name":"projects/turneo-f9966/locations/us-central1/functions/placesAutocomplete","buildConfig":{"runtime":"nodejs22","entryPoint":"placesAutocomplete","source":{"storageSource":{"bucket":"gcf-v2-sources-445354161677-us-central1","object":"placesAutocomplete/function-source.zip","generation":"1766789516942552"}},"environmentVariables":{"GOOGLE_NODE_RUN_SCRIPTS":""},"serviceAccount":"projects/turneo-f9966/serviceAccounts/445354161677-compute@developer.gserviceaccount.com","automaticUpdatePolicy":{}},"serviceConfig":{"service":"projects/turneo-f9966/locations/us-central1/services/placesautocomplete","timeoutSeconds":60,"environmentVariables":{"FIREBASE_CONFIG":"{\"projectId\":\"turneo-f9966\",\"storageBucket\":\"turneo-f9966.firebasestorage.app\"}","GCLOUD_PROJECT":"turneo-f9966","EVENTARC_CLOUD_EVENT_SOURCE":"projects/turneo-f9966/locations/us-central1/services/placesAutocomplete","FUNCTION_TARGET":"placesAutocomplete","LOG_EXECUTION_ID":"true"},"ingressSettings":"ALLOW_ALL","serviceAccountEmail":"445354161677-compute@developer.gserviceaccount.com","availableMemory":"256Mi","secretEnvironmentVariables":[{"key":"GOOGLE_PLACES_API_KEY","projectId":"turneo-f9966","secret":"GOOGLE_PLACES_API_KEY","version":"3"}],"maxInstanceRequestConcurrency":80,"availableCpu":"1"},"labels":{"deployment-tool":"cli-firebase","deployment-callable":"true","firebase-functions-hash":"81d98037fa5820deca3a79ff63631dcd88ba3a77"},"environment":"GEN_2"},"stages":[{"name":"BUILD","message":"Build in progress","state":"IN_PROGRESS","resource":"projects/445354161677/locations/us-central1/builds/7fb1f8f9-c1e5-46c2-8005-900beadaba94","resourceUri":"https://console.cloud.google.com/cloud-build/builds;region=us-central1/7fb1f8f9-c1e5-46c2-8005-900beadaba94?project=445354161677"},{"name":"SERVICE","state":"NOT_STARTED"}],"operationType":"CREATE_FUNCTION","buildName":"projects/445354161677/locations/us-central1/builds/7fb1f8f9-c1e5-46c2-8005-900beadaba94"},"done":false}
